[2025-06-22 22:48:08] admin - LOGIN: User logged in: admin
[2025-06-22 22:49:41] admin - ADD_ITEM: Added item: Chocolate (ID: ITM55201655)
[2025-06-22 22:57:01] aashish - LOGIN: User logged in: aashish
[2025-06-23 09:15:27] admin - LOGIN: User logged in: admin
[2025-06-23 09:17:02] admin - ADD_ITEM: Added item: iPhone 13 (ID: ITM60506F6D)
[2025-06-23 09:19:18] admin - BACKUP: Created backup: backup_20250623_091918
[2025-06-23 09:20:16] admin - UPDATE_ITEM: Updated item: ITM60506F6D
[2025-06-23 09:24:29] admin - LOGIN: User logged in: admin
[2025-06-23 09:35:08] admin - LOGIN: User logged in: admin
[2025-06-23 19:46:40] admin - LOGIN: User logged in: admin
[2025-06-23 19:47:55] admin - ADD_ITEM: Added item: Razer mouse (ID: ITMC328D8AC)
[2025-06-23 19:48:49] admin - ADD_SUPPLIER: Added supplier: XYZ Traders
[2025-06-23 19:50:41] admin - LOGIN: User logged in: admin
[2025-06-23 19:52:00] admin - LOGIN: User logged in: admin
[2025-06-23 19:59:14] admin - LOGIN: User logged in: admin
[2025-06-23 20:04:07] aashish - LOGIN: User logged in: aashish
[2025-06-23 20:10:51] admin - LOGIN: User logged in: admin
[2025-06-23 20:14:35] admin - LOGIN: User logged in: admin
[2025-06-23 20:15:19] admin - DELETE_ITEM: Deleted item: ITMC328D8AC
[2025-06-23 20:16:48] admin - ADD_ITEM: Added item: Riding Jacket (ID: ITMEE1C276E)
[2025-06-24 09:07:07] admin - LOGIN: User logged in: admin
[2025-06-24 09:14:45] admin - LOGIN: User logged in: admin
[2025-06-24 20:12:50] admin - LOGIN: User logged in: admin
[2025-06-24 20:14:42] admin - LOGIN: User logged in: admin
[2025-06-24 20:18:41] admin - LOGIN: User logged in: admin
[2025-06-24 20:20:15] admin - LOGOUT: User logged out: admin
[2025-06-24 20:20:33] admin - LOGIN: User logged in: admin
[2025-06-24 20:21:56] admin - LOGIN: User logged in: admin
[2025-06-24 20:23:34] admin - LOGIN: User logged in: admin
[2025-06-24 20:25:06] admin - ADD_ITEM: Added item: Whey Protein (ID: ITM086FDCD4)
[2025-06-24 20:27:47] admin - LOGIN: User logged in: admin
[2025-06-24 20:30:28] admin - LOGIN: User logged in: admin
[2025-06-24 20:34:28] aashish - LOGIN: User logged in: aashish
[2025-06-24 20:34:33] aashish - EXPORT: Exported inventory to CSV: inventory_export_20250624_203433.csv
[2025-06-24 20:39:40] admin - LOGIN: User logged in: admin
[2025-06-24 20:40:36] admin - ADD_ITEM: Added item: Creatine (ID: ITM17F18BE3)
[2025-06-24 20:50:08] admin - LOGIN: User logged in: admin
[2025-06-24 20:51:35] admin - ADD_ITEM: Added item: Paneer (ID: ITM5BCC14BC)
[2025-06-24 20:55:29] admin - LOGIN: User logged in: admin
[2025-06-24 20:55:40] admin - EXPORT: Exported inventory to CSV: inventory_export_20250624_205540.csv
[2025-06-24 21:44:49] admin - LOGIN: User logged in: admin
[2025-06-24 21:51:53] admin - LOGIN: User logged in: admin
[2025-06-24 21:52:18] admin - ADD_ITEM: Added item: Something (ID: ITM34ADD130)
[2025-06-24 21:58:42] aashish - LOGIN: User logged in: aashish
[2025-06-24 22:02:48] aashish - LOGIN: User logged in: aashish
[2025-06-24 22:04:28] aashish - EXPORT: Exported inventory to CSV: inventory_export_20250624_220428.csv
